[00:58:40] [ServerMain/INFO]: Environment: authHost='https://authserver.mojang.com', accountsHost='https://api.mojang.com', sessionHost='https://sessionserver.mojang.com', servicesHost='https://api.minecraftservices.com', name='PROD'
[00:58:41] [ServerMain/INFO]: Loaded 7 recipes
[00:58:42] [Server thread/INFO]: Starting minecraft server version 1.19.4
[00:58:42] [Server thread/INFO]: Loading properties
[00:58:42] [Server thread/INFO]: This server is running Paper version git-Paper-550 (MC: 1.19.4) (Implementing API version 1.19.4-R0.1-SNAPSHOT) (Git: 483368e on ver/1.19.4)
[00:58:42] [Server thread/INFO]: Server Ping Player Sample Count: 12
[00:58:42] [Server thread/INFO]: Using 4 threads for Netty based IO
[00:58:43] [Server thread/WARN]: [!] The timings profiler has been enabled but has been scheduled for removal from Paper in the future.
    We recommend installing the spark profiler as a replacement: https://spark.lucko.me/
    For more information please visit: https://github.com/PaperMC/Paper/issues/8948
[00:58:43] [Server thread/INFO]: [ChunkTaskScheduler] Chunk system is using 1 I/O threads, 1 worker threads, and gen parallelism of 1 threads
[00:58:43] [Server thread/INFO]: Default game type: CREATIVE
[00:58:43] [Server thread/INFO]: Generating keypair
[00:58:43] [Server thread/INFO]: Starting Minecraft server on *:25565
[00:58:43] [Server thread/INFO]: Using epoll channel type
[00:58:43] [Server thread/INFO]: Paper: Using libdeflate (Linux x86_64) compression from Velocity.
[00:58:43] [Server thread/INFO]: Paper: Using OpenSSL 3.0.x (Linux x86_64) cipher from Velocity.
[00:58:43] [Server thread/INFO]: Server permissions file permissions.yml is empty, ignoring it
[00:58:43] [Server thread/WARN]: **** SERVER IS RUNNING IN OFFLINE/INSECURE MODE!
[00:58:43] [Server thread/WARN]: The server will make no attempt to authenticate usernames. Beware.
[00:58:43] [Server thread/WARN]: While this makes the game possible to play without internet access, it also opens up the ability for hackers to connect with any username they choose.
[00:58:43] [Server thread/WARN]: To change this, set "online-mode" to "true" in the server.properties file.
[00:58:43] [Server thread/INFO]: Preparing level "world"
[00:58:43] [Server thread/INFO]: Preparing start region for dimension minecraft:overworld
[00:58:44] [Server thread/INFO]: Time elapsed: 158 ms
[00:58:44] [Server thread/INFO]: Preparing start region for dimension minecraft:the_nether
[00:58:44] [Server thread/INFO]: Time elapsed: 62 ms
[00:58:44] [Server thread/INFO]: Preparing start region for dimension minecraft:the_end
[00:58:44] [Server thread/INFO]: Time elapsed: 82 ms
[00:58:44] [Server thread/INFO]: Running delayed init tasks
[00:58:44] [Server thread/INFO]: Done (2.089s)! For help, type "help"
[00:58:44] [Server thread/INFO]: Timings Reset
[00:59:22] [User Authenticator #0/INFO]: UUID of player ManuhZz_ is 65033cf9-338f-338b-bf5b-b28778440ebe
[00:59:23] [Server thread/INFO]: ManuhZz_ joined the game
[00:59:23] [Server thread/INFO]: ManuhZz_[/127.106.147.130:40901] logged in with entity id 133 at ([world]-4.5, 113.0, -8.5)
[01:00:51] [Server thread/INFO]: ManuhZz_ issued server command: /plugins
[01:01:04] [Server thread/INFO]: Server Plugins (0):
[01:02:06] [Server thread/INFO]: Stopping the server
[01:02:06] [Server thread/INFO]: Stopping server
[01:02:06] [Server thread/INFO]: Saving players
[01:02:06] [Server thread/INFO]: ManuhZz_ lost connection: Server closed
[01:02:06] [Server thread/INFO]: ManuhZz_ left the game
[01:02:06] [Server thread/INFO]: Saving worlds
[01:02:06] [Server thread/INFO]: Saving chunks for level 'ServerLevel[world]'/minecraft:overworld
[01:02:06] [Server thread/INFO]: [ChunkHolderManager] Waiting 60s for chunk system to halt for world 'world'
[01:02:06] [Server thread/INFO]: [ChunkHolderManager] Halted chunk system for world 'world'
[01:02:06] [Server thread/INFO]: [ChunkHolderManager] Saving all chunkholders for world 'world'
[01:02:08] [Server thread/INFO]: [ChunkHolderManager] Saved 2342 block chunks, 797 entity chunks, 2 poi chunks in world 'world' in 2.27s
[01:02:09] [Server thread/INFO]: ThreadedAnvilChunkStorage (world): All chunks are saved
[01:02:09] [Server thread/INFO]: Saving chunks for level 'ServerLevel[world_nether]'/minecraft:the_nether
[01:02:09] [Server thread/INFO]: [ChunkHolderManager] Waiting 60s for chunk system to halt for world 'world_nether'
[01:02:09] [Server thread/INFO]: [ChunkHolderManager] Halted chunk system for world 'world_nether'
[01:02:09] [Server thread/INFO]: [ChunkHolderManager] Saving all chunkholders for world 'world_nether'
[01:02:09] [Server thread/INFO]: [ChunkHolderManager] Saved 529 block chunks, 529 entity chunks, 0 poi chunks in world 'world_nether' in 0.49s
[01:02:09] [Server thread/INFO]: ThreadedAnvilChunkStorage (DIM-1): All chunks are saved
[01:02:09] [Server thread/INFO]: Saving chunks for level 'ServerLevel[world_the_end]'/minecraft:the_end
[01:02:09] [Server thread/INFO]: [ChunkHolderManager] Waiting 60s for chunk system to halt for world 'world_the_end'
[01:02:09] [Server thread/INFO]: [ChunkHolderManager] Halted chunk system for world 'world_the_end'
[01:02:09] [Server thread/INFO]: [ChunkHolderManager] Saving all chunkholders for world 'world_the_end'
[01:02:09] [Server thread/INFO]: [ChunkHolderManager] Saved 529 block chunks, 529 entity chunks, 0 poi chunks in world 'world_the_end' in 0.11s
[01:02:09] [Server thread/INFO]: ThreadedAnvilChunkStorage (DIM1): All chunks are saved
[01:02:09] [Server thread/INFO]: ThreadedAnvilChunkStorage: All dimensions are saved
[01:02:09] [Server thread/INFO]: Flushing Chunk IO
[01:02:09] [Server thread/INFO]: Closing Thread Pool
[01:02:09] [Server thread/INFO]: Closing Server
